2023-10-12 22:36:20 DEBUG This is a debug message.
2023-10-12 22:36:20 INFO This is an info message.
2023-10-12 22:36:20 WARNING This is a warning message.
2023-10-12 22:36:20 ERROR This is an error message.
2023-10-12 22:36:20 CRITICAL This is a critical message.
2023-10-12 22:37:22 DEBUG This is a debug message.
2023-10-12 22:37:22 INFO This is an info message.
2023-10-12 22:37:22 WARNING This is a warning message.
2023-10-12 22:37:22 ERROR This is an error message.
2023-10-12 22:37:22 CRITICAL This is a critical message.
2023-10-12 22:53:12 DEBUG This is a debug message.
2023-10-12 22:53:12 INFO This is an info message.
2023-10-12 22:53:12 WARNING This is a warning message.
2023-10-12 22:53:12 ERROR This is an error message.
2023-10-12 22:53:12 CRITICAL This is a critical message.
2023-10-12 22:53:27 DEBUG This is a debug message.
2023-10-12 22:53:27 INFO This is an info message.
2023-10-12 22:53:27 WARNING This is a warning message.
2023-10-12 22:53:27 ERROR This is an error message.
2023-10-12 22:53:27 CRITICAL This is a critical message.
