DEBUG:root:Add: 10 + 5 = 15
DEBUG:root:Sub: 10 - 5 = 5
DEBUG:root:Mul: 10 * 5 = 50
DEBUG:root:Div: 10 / 5 = 2.0
2023-10-15 01:57:40 DEBUG Add: 10 + 5 = 15
2023-10-15 01:57:40 INFO Sub: 10 - 5 = 5
2023-10-15 01:57:40 WARNING Mul: 10 * 5 = 50
2023-10-15 01:57:40 ERROR Div: 10 / 5 = 2.0
2023-10-15 01:57:40 CRITICAL Du: 10 / 5 = 0
2023-10-15 02:07:58 DEBUG Add: 10 + 5 = 15
2023-10-15 02:07:58 INFO Sub: 10 - 5 = 5
2023-10-15 02:07:58 WARNING Mul: 10 * 5 = 50
2023-10-15 02:07:58 ERROR Div: 10 / 5 = 2.0
2023-10-15 02:07:58 CRITICAL Du: 10 / 5 = 0
2023-10-15 02:08:03 DEBUG Add: 10 + 5 = 15
2023-10-15 02:08:03 INFO Sub: 10 - 5 = 5
2023-10-15 02:08:03 WARNING Mul: 10 * 5 = 50
2023-10-15 02:08:03 ERROR Div: 10 / 5 = 2.0
2023-10-15 02:08:03 CRITICAL Du: 10 / 5 = 0
2023-10-15 02:08:03 DEBUG Add: 10 + 5 = 15
2023-10-15 02:08:03 INFO Sub: 10 - 5 = 5
2023-10-15 02:08:03 WARNING Mul: 10 * 5 = 50
2023-10-15 02:08:03 ERROR Div: 10 / 5 = 2.0
2023-10-15 02:08:03 CRITICAL Du: 10 / 5 = 0
